velj 21, 2022 7:01:04 PM Main start
INFO: Logger initialised!
velj 21, 2022 7:01:09 PM Controllers.ScreenController switchToSceneStart
INFO: Change start menu scene successfully!
velj 21, 2022 7:01:09 PM Models.Database.ProfessorDatabase generateDataForDatabase
INFO: Professor database successfully created
velj 21, 2022 7:01:09 PM Models.Database.ProfessorDatabase getAllProfessors
INFO: Method call!
velj 21, 2022 7:01:09 PM Models.Database.BuyerDatabase generateDataForDatabase
INFO: Buyer database successfully created
velj 21, 2022 7:01:09 PM Models.Database.BuyerDatabase getAllBuyers
INFO: Method call!
velj 21, 2022 7:01:09 PM Models.Database.StudentDatabase generateDataForDatabase
INFO: Student database successfully created
velj 21, 2022 7:01:09 PM Models.Database.StudentDatabase getAllStudents
INFO: Method call!
velj 21, 2022 7:01:09 PM Models.Database.ProfessorDatabase getAllProfessors
INFO: Method call!
velj 21, 2022 7:01:09 PM Models.Database.BuyerDatabase getAllBuyers
INFO: Method call!
velj 21, 2022 7:01:09 PM Models.Database.StudentDatabase getAllStudents
INFO: Method call!
